10:58:28.939 [main] INFO  testCases.TC_001_AccountRegistrationTest - AccountRegistrationPage information entered...
10:58:29.676 [main] INFO  testCases.TC_001_AccountRegistrationTest - Continue button clicked...
10:58:29.676 [main] INFO  testCases.TC_001_AccountRegistrationTest - Validating Confirmation Message...
10:58:29.703 [main] INFO  testCases.TC_001_AccountRegistrationTest - Test Passed...
10:58:29.704 [main] INFO  testCases.TC_001_AccountRegistrationTest - *****TC_001_AccountRegistrationTest completed*****
10:58:34.234 [main] INFO  testCases.TC_002_LoginTest - *********TC_002_LoginTest started**********
10:58:34.284 [main] INFO  testCases.TC_002_LoginTest - Clicked MyAccount Link on Home page......
10:58:34.633 [main] INFO  testCases.TC_002_LoginTest - Clicked Login under My Account.......
10:58:34.825 [main] INFO  testCases.TC_002_LoginTest - Entered details on Login Page....
10:58:35.642 [main] INFO  testCases.TC_002_LoginTest - Clicked Login.....
10:58:35.671 [main] INFO  testCases.TC_002_LoginTest - Login Test Passed
10:58:35.671 [main] INFO  testCases.TC_002_LoginTest - *******TC_002_LoginTest completed*********
11:50:52.858 [main] INFO  testCases.TC_001_AccountRegistrationTest - *****TC_001_AccountRegistrationTest started running*****
11:50:52.938 [main] INFO  testCases.TC_001_AccountRegistrationTest - My Account Link clicked...
11:50:53.696 [main] INFO  testCases.TC_001_AccountRegistrationTest - Register Link clicked...
11:50:54.144 [main] INFO  testCases.TC_001_AccountRegistrationTest - AccountRegistrationPage information entered...
11:50:55.181 [main] INFO  testCases.TC_001_AccountRegistrationTest - Continue button clicked...
11:50:55.181 [main] INFO  testCases.TC_001_AccountRegistrationTest - Validating Confirmation Message...
11:50:55.208 [main] INFO  testCases.TC_001_AccountRegistrationTest - Test Passed...
11:50:55.210 [main] INFO  testCases.TC_001_AccountRegistrationTest - *****TC_001_AccountRegistrationTest completed*****
11:51:01.482 [main] INFO  testCases.TC_002_LoginTest - *********TC_002_LoginTest started**********
11:51:01.537 [main] INFO  testCases.TC_002_LoginTest - Clicked MyAccount Link on Home page......
11:51:01.927 [main] INFO  testCases.TC_002_LoginTest - Clicked Login under My Account.......
11:51:02.152 [main] INFO  testCases.TC_002_LoginTest - Entered details on Login Page....
11:51:02.998 [main] INFO  testCases.TC_002_LoginTest - Clicked Login.....
11:51:03.033 [main] INFO  testCases.TC_002_LoginTest - Login Test Passed
11:51:03.033 [main] INFO  testCases.TC_002_LoginTest - *******TC_002_LoginTest completed*********
