11:55:11.666 [main] INFO  testCases.TC_001_AccountRegistrationTest - *****TC_001_AccountRegistrationTest started running*****
11:55:12.014 [main] ERROR testCases.TC_001_AccountRegistrationTest - Test Failed...
11:55:14.112 [main] INFO  testCases.TC_002_LoginTest - *********TC_002_LoginTest started**********
11:56:04.683 [main] INFO  testCases.TC_001_AccountRegistrationTest - *****TC_001_AccountRegistrationTest started running*****
11:56:04.774 [main] INFO  testCases.TC_001_AccountRegistrationTest - My Account Link clicked...
11:56:05.548 [main] INFO  testCases.TC_001_AccountRegistrationTest - Register Link clicked...
11:56:06.028 [main] INFO  testCases.TC_001_AccountRegistrationTest - AccountRegistrationPage information entered...
11:56:06.946 [main] INFO  testCases.TC_001_AccountRegistrationTest - Continue button clicked...
11:56:06.946 [main] INFO  testCases.TC_001_AccountRegistrationTest - Validating Confirmation Message...
11:56:06.979 [main] INFO  testCases.TC_001_AccountRegistrationTest - Test Passed...
11:56:06.980 [main] INFO  testCases.TC_001_AccountRegistrationTest - *****TC_001_AccountRegistrationTest completed*****
11:56:11.986 [main] INFO  testCases.TC_002_LoginTest - *********TC_002_LoginTest started**********
11:56:12.064 [main] INFO  testCases.TC_002_LoginTest - Clicked MyAccount Link on Home page......
11:56:12.477 [main] INFO  testCases.TC_002_LoginTest - Clicked Login under My Account.......
11:56:12.689 [main] INFO  testCases.TC_002_LoginTest - Entered details on Login Page....
11:56:13.709 [main] INFO  testCases.TC_002_LoginTest - Clicked Login.....
11:56:13.760 [main] INFO  testCases.TC_002_LoginTest - Login Test Passed
11:56:13.761 [main] INFO  testCases.TC_002_LoginTest - *******TC_002_LoginTest completed*********
12:03:18.854 [main] INFO  testCases.TC_001_AccountRegistrationTest - *****TC_001_AccountRegistrationTest started running*****
12:03:18.953 [main] INFO  testCases.TC_001_AccountRegistrationTest - My Account Link clicked...
12:03:19.681 [main] INFO  testCases.TC_001_AccountRegistrationTest - Register Link clicked...
12:03:20.093 [main] INFO  testCases.TC_001_AccountRegistrationTest - AccountRegistrationPage information entered...
12:03:21.008 [main] INFO  testCases.TC_001_AccountRegistrationTest - Continue button clicked...
12:03:21.009 [main] INFO  testCases.TC_001_AccountRegistrationTest - Validating Confirmation Message...
12:03:21.047 [main] INFO  testCases.TC_001_AccountRegistrationTest - Test Passed...
12:03:21.050 [main] INFO  testCases.TC_001_AccountRegistrationTest - *****TC_001_AccountRegistrationTest completed*****
12:03:25.738 [main] INFO  testCases.TC_002_LoginTest - *********TC_002_LoginTest started**********
12:03:25.824 [main] INFO  testCases.TC_002_LoginTest - Clicked MyAccount Link on Home page......
12:03:26.184 [main] INFO  testCases.TC_002_LoginTest - Clicked Login under My Account.......
12:03:26.387 [main] INFO  testCases.TC_002_LoginTest - Entered details on Login Page....
12:03:27.207 [main] INFO  testCases.TC_002_LoginTest - Clicked Login.....
12:03:27.251 [main] INFO  testCases.TC_002_LoginTest - Login Test Passed
12:03:27.251 [main] INFO  testCases.TC_002_LoginTest - *******TC_002_LoginTest completed*********
10:57:25.534 [main] INFO  testCases.TC_001_AccountRegistrationTest - *****TC_001_AccountRegistrationTest started running*****
10:57:25.606 [main] INFO  testCases.TC_001_AccountRegistrationTest - My Account Link clicked...
10:57:26.393 [main] INFO  testCases.TC_001_AccountRegistrationTest - Register Link clicked...
10:57:26.737 [main] INFO  testCases.TC_001_AccountRegistrationTest - AccountRegistrationPage information entered...
10:57:27.618 [main] INFO  testCases.TC_001_AccountRegistrationTest - Continue button clicked...
10:57:27.618 [main] INFO  testCases.TC_001_AccountRegistrationTest - Validating Confirmation Message...
10:57:27.644 [main] INFO  testCases.TC_001_AccountRegistrationTest - Test Passed...
10:57:27.646 [main] INFO  testCases.TC_001_AccountRegistrationTest - *****TC_001_AccountRegistrationTest completed*****
10:57:32.862 [main] INFO  testCases.TC_002_LoginTest - *********TC_002_LoginTest started**********
10:57:32.925 [main] INFO  testCases.TC_002_LoginTest - Clicked MyAccount Link on Home page......
10:57:33.324 [main] INFO  testCases.TC_002_LoginTest - Clicked Login under My Account.......
10:57:33.570 [main] INFO  testCases.TC_002_LoginTest - Entered details on Login Page....
10:57:34.551 [main] INFO  testCases.TC_002_LoginTest - Clicked Login.....
10:57:34.583 [main] INFO  testCases.TC_002_LoginTest - Login Test Passed
10:57:34.583 [main] INFO  testCases.TC_002_LoginTest - *******TC_002_LoginTest completed*********
10:58:27.802 [main] INFO  testCases.TC_001_AccountRegistrationTest - *****TC_001_AccountRegistrationTest started running*****
10:58:27.889 [main] INFO  testCases.TC_001_AccountRegistrationTest - My Account Link clicked...
10:58:28.493 [main] INFO  testCases.TC_001_AccountRegistrationTest - Register Link clicked...
