14:36:19.983 [main] INFO  testCases.TC_003_LoginDDT - Clicked Login.....
14:36:30.060 [main] INFO  testCases.TC_003_LoginDDT - *********TC_002_LoginTest started**********
14:36:30.150 [main] INFO  testCases.TC_003_LoginDDT - Clicked MyAccount Link on Home page......
14:36:30.630 [main] INFO  testCases.TC_003_LoginDDT - Clicked Login under My Account.......
14:36:30.917 [main] INFO  testCases.TC_003_LoginDDT - Entered details on Login Page....
14:36:32.064 [main] INFO  testCases.TC_003_LoginDDT - Clicked Login.....
14:36:32.921 [main] INFO  testCases.TC_003_LoginDDT - Test Passed
14:36:32.921 [main] INFO  testCases.TC_003_LoginDDT - *******TC_003_LoginDDT Test completed*********
14:43:10.734 [main] INFO  testCases.TC_003_LoginDDT - *********TC_002_LoginTest started**********
14:43:10.865 [main] INFO  testCases.TC_003_LoginDDT - Clicked MyAccount Link on Home page......
14:43:11.344 [main] INFO  testCases.TC_003_LoginDDT - Clicked Login under My Account.......
14:43:11.707 [main] INFO  testCases.TC_003_LoginDDT - Entered details on Login Page....
14:43:12.715 [main] INFO  testCases.TC_003_LoginDDT - Clicked Login.....
14:43:13.525 [main] INFO  testCases.TC_003_LoginDDT - Test Passed
14:43:13.525 [main] INFO  testCases.TC_003_LoginDDT - *******TC_003_LoginDDT Test completed*********
14:43:13.533 [main] INFO  testCases.TC_003_LoginDDT - *********TC_002_LoginTest started**********
14:43:13.631 [main] INFO  testCases.TC_003_LoginDDT - Clicked MyAccount Link on Home page......
14:43:14.099 [main] INFO  testCases.TC_003_LoginDDT - Clicked Login under My Account.......
14:43:14.401 [main] INFO  testCases.TC_003_LoginDDT - Entered details on Login Page....
14:43:14.981 [main] INFO  testCases.TC_003_LoginDDT - Clicked Login.....
14:43:25.020 [main] INFO  testCases.TC_003_LoginDDT - *********TC_002_LoginTest started**********
14:43:25.163 [main] INFO  testCases.TC_003_LoginDDT - Clicked MyAccount Link on Home page......
14:43:26.793 [main] INFO  testCases.TC_003_LoginDDT - Clicked Login under My Account.......
14:43:27.107 [main] INFO  testCases.TC_003_LoginDDT - Entered details on Login Page....
14:43:27.626 [main] INFO  testCases.TC_003_LoginDDT - Clicked Login.....
14:43:37.641 [main] INFO  testCases.TC_003_LoginDDT - *********TC_002_LoginTest started**********
14:43:37.753 [main] INFO  testCases.TC_003_LoginDDT - Clicked MyAccount Link on Home page......
14:43:38.168 [main] INFO  testCases.TC_003_LoginDDT - Clicked Login under My Account.......
14:43:38.447 [main] INFO  testCases.TC_003_LoginDDT - Entered details on Login Page....
14:43:38.930 [main] INFO  testCases.TC_003_LoginDDT - Clicked Login.....
14:43:48.992 [main] INFO  testCases.TC_003_LoginDDT - *********TC_002_LoginTest started**********
14:43:49.111 [main] INFO  testCases.TC_003_LoginDDT - Clicked MyAccount Link on Home page......
14:43:49.888 [main] INFO  testCases.TC_003_LoginDDT - Clicked Login under My Account.......
14:43:50.144 [main] INFO  testCases.TC_003_LoginDDT - Entered details on Login Page....
14:43:51.001 [main] INFO  testCases.TC_003_LoginDDT - Clicked Login.....
14:43:51.709 [main] INFO  testCases.TC_003_LoginDDT - Test Passed
14:43:51.709 [main] INFO  testCases.TC_003_LoginDDT - *******TC_003_LoginDDT Test completed*********
15:00:51.406 [main] INFO  testCases.TC_003_LoginDDT - *********TC_002_LoginTest started**********
15:00:51.529 [main] INFO  testCases.TC_003_LoginDDT - Clicked MyAccount Link on Home page......
15:00:52.025 [main] INFO  testCases.TC_003_LoginDDT - Clicked Login under My Account.......
15:00:52.416 [main] INFO  testCases.TC_003_LoginDDT - Entered details on Login Page....
15:00:53.458 [main] INFO  testCases.TC_003_LoginDDT - Clicked Login.....
15:00:54.299 [main] INFO  testCases.TC_003_LoginDDT - Test Passed
15:00:54.299 [main] INFO  testCases.TC_003_LoginDDT - *******TC_003_LoginDDT Test completed*********
15:00:54.306 [main] INFO  testCases.TC_003_LoginDDT - *********TC_002_LoginTest started**********
15:00:54.392 [main] INFO  testCases.TC_003_LoginDDT - Clicked MyAccount Link on Home page......
15:00:54.866 [main] INFO  testCases.TC_003_LoginDDT - Clicked Login under My Account.......
15:00:55.170 [main] INFO  testCases.TC_003_LoginDDT - Entered details on Login Page....
15:00:55.729 [main] INFO  testCases.TC_003_LoginDDT - Clicked Login.....
15:01:05.786 [main] INFO  testCases.TC_003_LoginDDT - Test Passed
15:01:05.786 [main] INFO  testCases.TC_003_LoginDDT - *******TC_003_LoginDDT Test completed*********
15:01:05.790 [main] INFO  testCases.TC_003_LoginDDT - *********TC_002_LoginTest started**********
15:01:05.901 [main] INFO  testCases.TC_003_LoginDDT - Clicked MyAccount Link on Home page......
15:01:07.129 [main] INFO  testCases.TC_003_LoginDDT - Clicked Login under My Account.......
15:01:07.516 [main] INFO  testCases.TC_003_LoginDDT - Entered details on Login Page....
15:01:08.074 [main] INFO  testCases.TC_003_LoginDDT - Clicked Login.....
15:01:18.105 [main] INFO  testCases.TC_003_LoginDDT - Test Passed
