12:28:11.571 [main] INFO  testCases.TC_001_AccountRegistrationTest - *****TC_001_AccountRegistrationTest completed*****
12:31:46.373 [main] INFO  testCases.TC_001_AccountRegistrationTest - *****TC_001_AccountRegistrationTest started running*****
12:31:46.466 [main] INFO  testCases.TC_001_AccountRegistrationTest - My Account Link clicked...
12:31:47.278 [main] INFO  testCases.TC_001_AccountRegistrationTest - Register Link clicked...
12:31:47.746 [main] INFO  testCases.TC_001_AccountRegistrationTest - AccountRegistrationPage information entered...
12:31:48.642 [main] INFO  testCases.TC_001_AccountRegistrationTest - Continue button clicked...
12:31:48.642 [main] INFO  testCases.TC_001_AccountRegistrationTest - Validating Confirmation Message...
12:31:48.667 [main] ERROR testCases.TC_001_AccountRegistrationTest - Test Failed...
12:31:53.679 [main] INFO  testCases.TC_002_LoginTest - *********TC_002_LoginTest started**********
12:31:53.745 [main] INFO  testCases.TC_002_LoginTest - Clicked MyAccount Link on Home page......
12:31:54.135 [main] INFO  testCases.TC_002_LoginTest - Clicked Login under My Account.......
12:31:54.362 [main] INFO  testCases.TC_002_LoginTest - Entered details on Login Page....
12:31:55.220 [main] INFO  testCases.TC_002_LoginTest - Clicked Login.....
12:31:55.261 [main] INFO  testCases.TC_002_LoginTest - Login Test Passed
12:31:55.262 [main] INFO  testCases.TC_002_LoginTest - *******TC_002_LoginTest completed*********
12:32:50.315 [main] INFO  testCases.TC_001_AccountRegistrationTest - *****TC_001_AccountRegistrationTest started running*****
12:32:50.380 [main] INFO  testCases.TC_001_AccountRegistrationTest - My Account Link clicked...
12:32:51.094 [main] INFO  testCases.TC_001_AccountRegistrationTest - Register Link clicked...
12:32:51.570 [main] INFO  testCases.TC_001_AccountRegistrationTest - AccountRegistrationPage information entered...
12:32:52.401 [main] INFO  testCases.TC_001_AccountRegistrationTest - Continue button clicked...
12:32:52.401 [main] INFO  testCases.TC_001_AccountRegistrationTest - Validating Confirmation Message...
12:32:52.427 [main] ERROR testCases.TC_001_AccountRegistrationTest - Test Failed...
12:32:59.721 [main] INFO  testCases.TC_002_LoginTest - *********TC_002_LoginTest started**********
12:32:59.764 [main] INFO  testCases.TC_002_LoginTest - Clicked MyAccount Link on Home page......
12:33:00.195 [main] INFO  testCases.TC_002_LoginTest - Clicked Login under My Account.......
12:33:00.336 [main] INFO  testCases.TC_002_LoginTest - Entered details on Login Page....
12:33:00.835 [main] INFO  testCases.TC_002_LoginTest - Clicked Login.....
12:33:10.884 [main] ERROR testCases.TC_002_LoginTest - Login Failed
12:34:28.220 [main] INFO  testCases.TC_002_LoginTest - *********TC_002_LoginTest started**********
12:34:28.295 [main] INFO  testCases.TC_002_LoginTest - Clicked MyAccount Link on Home page......
12:34:28.756 [main] INFO  testCases.TC_002_LoginTest - Clicked Login under My Account.......
12:34:28.954 [main] INFO  testCases.TC_002_LoginTest - Entered details on Login Page....
12:34:29.973 [main] INFO  testCases.TC_002_LoginTest - Clicked Login.....
12:34:30.006 [main] INFO  testCases.TC_002_LoginTest - Login Test Passed
12:34:30.008 [main] INFO  testCases.TC_002_LoginTest - *******TC_002_LoginTest completed*********
12:34:34.985 [main] INFO  testCases.TC_001_AccountRegistrationTest - *****TC_001_AccountRegistrationTest started running*****
12:34:35.030 [main] INFO  testCases.TC_001_AccountRegistrationTest - My Account Link clicked...
12:34:35.647 [main] INFO  testCases.TC_001_AccountRegistrationTest - Register Link clicked...
12:34:36.141 [main] INFO  testCases.TC_001_AccountRegistrationTest - AccountRegistrationPage information entered...
12:34:36.913 [main] INFO  testCases.TC_001_AccountRegistrationTest - Continue button clicked...
12:34:36.913 [main] INFO  testCases.TC_001_AccountRegistrationTest - Validating Confirmation Message...
12:34:36.949 [main] ERROR testCases.TC_001_AccountRegistrationTest - Test Failed...
12:35:11.493 [main] INFO  testCases.TC_001_AccountRegistrationTest - *****TC_001_AccountRegistrationTest started running*****
12:35:11.558 [main] INFO  testCases.TC_001_AccountRegistrationTest - My Account Link clicked...
12:35:12.162 [main] INFO  testCases.TC_001_AccountRegistrationTest - Register Link clicked...
12:35:12.643 [main] INFO  testCases.TC_001_AccountRegistrationTest - AccountRegistrationPage information entered...
12:35:13.339 [main] INFO  testCases.TC_001_AccountRegistrationTest - Continue button clicked...
12:35:13.339 [main] INFO  testCases.TC_001_AccountRegistrationTest - Validating Confirmation Message...
12:35:13.366 [main] INFO  testCases.TC_001_AccountRegistrationTest - Test Passed...
12:35:13.368 [main] INFO  testCases.TC_001_AccountRegistrationTest - *****TC_001_AccountRegistrationTest completed*****
12:42:00.375 [main] INFO  testCases.TC_002_LoginTest - *********TC_002_LoginTest started**********
