12:42:00.453 [main] INFO  testCases.TC_002_LoginTest - Clicked MyAccount Link on Home page......
12:42:00.864 [main] INFO  testCases.TC_002_LoginTest - Clicked Login under My Account.......
12:42:01.071 [main] INFO  testCases.TC_002_LoginTest - Entered details on Login Page....
12:42:02.075 [main] INFO  testCases.TC_002_LoginTest - Clicked Login.....
12:42:02.108 [main] INFO  testCases.TC_002_LoginTest - Login Test Passed
12:42:02.110 [main] INFO  testCases.TC_002_LoginTest - *******TC_002_LoginTest completed*********
12:42:50.452 [main] INFO  testCases.TC_001_AccountRegistrationTest - *****TC_001_AccountRegistrationTest started running*****
12:42:50.519 [main] INFO  testCases.TC_001_AccountRegistrationTest - My Account Link clicked...
12:42:51.252 [main] INFO  testCases.TC_001_AccountRegistrationTest - Register Link clicked...
12:42:51.701 [main] INFO  testCases.TC_001_AccountRegistrationTest - AccountRegistrationPage information entered...
12:42:52.605 [main] INFO  testCases.TC_001_AccountRegistrationTest - Continue button clicked...
12:42:52.605 [main] INFO  testCases.TC_001_AccountRegistrationTest - Validating Confirmation Message...
12:42:52.626 [main] INFO  testCases.TC_001_AccountRegistrationTest - Test Passed...
12:42:52.632 [main] INFO  testCases.TC_001_AccountRegistrationTest - *****TC_001_AccountRegistrationTest completed*****
12:42:57.720 [main] INFO  testCases.TC_002_LoginTest - *********TC_002_LoginTest started**********
12:42:57.775 [main] INFO  testCases.TC_002_LoginTest - Clicked MyAccount Link on Home page......
12:42:58.159 [main] INFO  testCases.TC_002_LoginTest - Clicked Login under My Account.......
12:42:58.376 [main] INFO  testCases.TC_002_LoginTest - Entered details on Login Page....
12:42:59.237 [main] INFO  testCases.TC_002_LoginTest - Clicked Login.....
12:42:59.267 [main] INFO  testCases.TC_002_LoginTest - Login Test Passed
12:42:59.267 [main] INFO  testCases.TC_002_LoginTest - *******TC_002_LoginTest completed*********
11:21:46.617 [main] INFO  testCases.TC_001_AccountRegistrationTest - *****TC_001_AccountRegistrationTest started running*****
11:21:46.639 [main] ERROR testCases.TC_001_AccountRegistrationTest - Test Failed...
11:28:08.490 [main] INFO  testCases.TC_001_AccountRegistrationTest - *****TC_001_AccountRegistrationTest started running*****
11:28:08.827 [main] ERROR testCases.TC_001_AccountRegistrationTest - Test Failed...
11:28:11.057 [main] INFO  testCases.TC_002_LoginTest - *********TC_002_LoginTest started**********
11:28:41.693 [main] INFO  testCases.TC_001_AccountRegistrationTest - *****TC_001_AccountRegistrationTest started running*****
11:28:42.095 [main] ERROR testCases.TC_001_AccountRegistrationTest - Test Failed...
11:28:44.279 [main] INFO  testCases.TC_002_LoginTest - *********TC_002_LoginTest started**********
11:29:29.744 [main] INFO  testCases.TC_001_AccountRegistrationTest - *****TC_001_AccountRegistrationTest started running*****
11:29:30.158 [main] ERROR testCases.TC_001_AccountRegistrationTest - Test Failed...
11:29:32.359 [main] INFO  testCases.TC_002_LoginTest - *********TC_002_LoginTest started**********
11:30:09.361 [main] INFO  testCases.TC_001_AccountRegistrationTest - *****TC_001_AccountRegistrationTest started running*****
11:30:09.801 [main] ERROR testCases.TC_001_AccountRegistrationTest - Test Failed...
11:30:11.959 [main] INFO  testCases.TC_002_LoginTest - *********TC_002_LoginTest started**********
11:33:35.652 [main] INFO  testCases.TC_001_AccountRegistrationTest - *****TC_001_AccountRegistrationTest started running*****
11:33:36.048 [main] ERROR testCases.TC_001_AccountRegistrationTest - Test Failed...
11:33:38.092 [main] INFO  testCases.TC_002_LoginTest - *********TC_002_LoginTest started**********
11:35:29.390 [main] INFO  testCases.TC_001_AccountRegistrationTest - *****TC_001_AccountRegistrationTest started running*****
11:35:29.808 [main] ERROR testCases.TC_001_AccountRegistrationTest - Test Failed...
11:35:32.082 [main] INFO  testCases.TC_002_LoginTest - *********TC_002_LoginTest started**********
11:38:52.589 [main] INFO  testCases.TC_001_AccountRegistrationTest - *****TC_001_AccountRegistrationTest started running*****
11:38:52.980 [main] ERROR testCases.TC_001_AccountRegistrationTest - Test Failed...
11:38:55.163 [main] INFO  testCases.TC_002_LoginTest - *********TC_002_LoginTest started**********
11:42:14.946 [main] INFO  testCases.TC_001_AccountRegistrationTest - *****TC_001_AccountRegistrationTest started running*****
11:42:15.415 [main] ERROR testCases.TC_001_AccountRegistrationTest - Test Failed...
11:42:17.542 [main] INFO  testCases.TC_002_LoginTest - *********TC_002_LoginTest started**********
11:43:35.134 [main] INFO  testCases.TC_001_AccountRegistrationTest - *****TC_001_AccountRegistrationTest started running*****
11:43:35.550 [main] ERROR testCases.TC_001_AccountRegistrationTest - Test Failed...
11:43:37.633 [main] INFO  testCases.TC_002_LoginTest - *********TC_002_LoginTest started**********
