13:09:17.308 [main] INFO  testCases.TC_001_AccountRegistrationTest - *****TC_001_AccountRegistrationTest completed*****
13:10:45.609 [main] INFO  testCases.TC_001_AccountRegistrationTest - *****TC_001_AccountRegistrationTest started running*****
13:10:45.642 [main] ERROR testCases.TC_001_AccountRegistrationTest - Test Failed...
13:11:11.167 [main] INFO  testCases.TC_001_AccountRegistrationTest - *****TC_001_AccountRegistrationTest started running*****
13:11:11.267 [main] INFO  testCases.TC_001_AccountRegistrationTest - My Account Link clicked...
13:11:11.876 [main] INFO  testCases.TC_001_AccountRegistrationTest - Register Link clicked...
13:11:12.511 [main] INFO  testCases.TC_001_AccountRegistrationTest - AccountRegistrationPage information entered...
13:11:13.305 [main] INFO  testCases.TC_001_AccountRegistrationTest - Continue button clicked...
13:11:13.305 [main] INFO  testCases.TC_001_AccountRegistrationTest - Validating Confirmation Message...
13:11:13.338 [main] INFO  testCases.TC_001_AccountRegistrationTest - Test Passed...
13:11:13.340 [main] INFO  testCases.TC_001_AccountRegistrationTest - *****TC_001_AccountRegistrationTest completed*****
13:19:40.485 [main] INFO  testCases.TC_001_AccountRegistrationTest - *****TC_001_AccountRegistrationTest started running*****
13:19:40.671 [main] INFO  testCases.TC_001_AccountRegistrationTest - My Account Link clicked...
13:19:43.959 [main] INFO  testCases.TC_001_AccountRegistrationTest - Register Link clicked...
13:19:44.870 [main] INFO  testCases.TC_001_AccountRegistrationTest - AccountRegistrationPage information entered...
13:19:47.322 [main] INFO  testCases.TC_001_AccountRegistrationTest - Continue button clicked...
13:19:47.322 [main] INFO  testCases.TC_001_AccountRegistrationTest - Validating Confirmation Message...
13:19:47.361 [main] INFO  testCases.TC_001_AccountRegistrationTest - Test Passed...
13:19:47.364 [main] INFO  testCases.TC_001_AccountRegistrationTest - *****TC_001_AccountRegistrationTest completed*****
13:24:32.206 [main] INFO  testCases.TC_001_AccountRegistrationTest - *****TC_001_AccountRegistrationTest started running*****
13:24:32.289 [main] INFO  testCases.TC_001_AccountRegistrationTest - My Account Link clicked...
13:24:32.926 [main] INFO  testCases.TC_001_AccountRegistrationTest - Register Link clicked...
13:24:33.609 [main] INFO  testCases.TC_001_AccountRegistrationTest - AccountRegistrationPage information entered...
13:24:34.400 [main] INFO  testCases.TC_001_AccountRegistrationTest - Continue button clicked...
13:24:34.400 [main] INFO  testCases.TC_001_AccountRegistrationTest - Validating Confirmation Message...
13:24:34.439 [main] INFO  testCases.TC_001_AccountRegistrationTest - Test Passed...
13:24:34.441 [main] INFO  testCases.TC_001_AccountRegistrationTest - *****TC_001_AccountRegistrationTest completed*****
13:24:43.242 [main] INFO  testCases.TC_001_AccountRegistrationTest - *****TC_001_AccountRegistrationTest started running*****
13:24:43.367 [main] INFO  testCases.TC_001_AccountRegistrationTest - My Account Link clicked...
13:24:45.955 [main] INFO  testCases.TC_001_AccountRegistrationTest - Register Link clicked...
13:24:46.793 [main] INFO  testCases.TC_001_AccountRegistrationTest - AccountRegistrationPage information entered...
13:24:48.170 [main] INFO  testCases.TC_001_AccountRegistrationTest - Continue button clicked...
13:24:48.170 [main] INFO  testCases.TC_001_AccountRegistrationTest - Validating Confirmation Message...
13:24:48.252 [main] ERROR testCases.TC_001_AccountRegistrationTest - Test Failed...
13:26:30.409 [TestNG-test=ChromeTest-1] INFO  testCases.TC_001_AccountRegistrationTest - *****TC_001_AccountRegistrationTest started running*****
13:26:30.556 [TestNG-test=ChromeTest-1] INFO  testCases.TC_001_AccountRegistrationTest - My Account Link clicked...
13:26:31.373 [TestNG-test=ChromeTest-1] INFO  testCases.TC_001_AccountRegistrationTest - Register Link clicked...
13:26:32.191 [TestNG-test=ChromeTest-1] INFO  testCases.TC_001_AccountRegistrationTest - AccountRegistrationPage information entered...
13:26:36.278 [TestNG-test=ChromeTest-1] INFO  testCases.TC_001_AccountRegistrationTest - Continue button clicked...
13:26:36.278 [TestNG-test=ChromeTest-1] INFO  testCases.TC_001_AccountRegistrationTest - Validating Confirmation Message...
13:26:36.321 [TestNG-test=ChromeTest-1] INFO  testCases.TC_001_AccountRegistrationTest - Test Passed...
13:26:36.322 [TestNG-test=ChromeTest-1] INFO  testCases.TC_001_AccountRegistrationTest - *****TC_001_AccountRegistrationTest completed*****
13:26:44.890 [TestNG-test=EdgeTest-1] INFO  testCases.TC_001_AccountRegistrationTest - *****TC_001_AccountRegistrationTest started running*****
13:26:45.045 [TestNG-test=EdgeTest-1] INFO  testCases.TC_001_AccountRegistrationTest - My Account Link clicked...
13:26:47.783 [TestNG-test=EdgeTest-1] INFO  testCases.TC_001_AccountRegistrationTest - Register Link clicked...
13:26:48.667 [TestNG-test=EdgeTest-1] INFO  testCases.TC_001_AccountRegistrationTest - AccountRegistrationPage information entered...
